<?xml version="1.0" encoding="UTF-8"?>
<!-- Generated by org.testng.reporters.JUnitReportReporter -->
<testsuite hostname="DESKTOP-HCKLODP" failures="0" tests="1" name="SpellCheck.addLotsOfWordsToDictionary" time="1130.061" errors="0" timestamp="2021-08-14T15:26:22 EDT" skipped="0">
  <testcase classname="SpellCheck.addLotsOfWordsToDictionary" name="searchRandomPages" time="1130.061"/>
  <system-out/>
</testsuite> <!-- SpellCheck.addLotsOfWordsToDictionary -->
