<?xml version="1.0" encoding="UTF-8"?>
<!-- Generated by org.testng.reporters.JUnitReportReporter -->
<testsuite hostname="DESKTOP-HCKLODP" failures="0" tests="1" name="testMethods.test" time="10.051" errors="0" timestamp="2021-08-16T21:07:15 EDT" skipped="0">
  <testcase classname="testMethods.test" name="getTextFromPage" time="10.051"/>
  <system-out/>
</testsuite> <!-- testMethods.test -->
