<?xml version="1.0" encoding="UTF-8"?>
<!-- Generated by org.testng.reporters.JUnitReportReporter -->
<testsuite hostname="DESKTOP-HCKLODP" failures="0" tests="4" name="testMethods.test" time="13.840" errors="1" timestamp="2021-08-15T11:29:50 EDT" skipped="0">
  <testcase classname="testMethods.test" name="testCheckSpelling" time="8.025"/>
  <system-out/>
  <testcase classname="testMethods.test" name="testCheckSpelling" time="1.496">
    <error type="junit.framework.AssertionFailedError">
      <![CDATA[junit.framework.AssertionFailedError
at junit.framework.Assert.fail(Assert.java:47)
at junit.framework.Assert.assertTrue(Assert.java:20)
at junit.framework.Assert.assertTrue(Assert.java:27)
at testMethods.test.testCheckSpelling(test.java:64)
at java.base/jdk.internal.reflect.NativeMethodAccessorImpl.invoke0(Native Method)
at java.base/jdk.internal.reflect.NativeMethodAccessorImpl.invoke(NativeMethodAccessorImpl.java:78)
at java.base/jdk.internal.reflect.DelegatingMethodAccessorImpl.invoke(DelegatingMethodAccessorImpl.java:43)
at java.base/java.lang.reflect.Method.invoke(Method.java:567)
at org.testng.internal.MethodInvocationHelper.invokeMethod(MethodInvocationHelper.java:133)
at org.testng.internal.TestInvoker.invokeMethod(TestInvoker.java:598)
at org.testng.internal.TestInvoker.invokeTestMethod(TestInvoker.java:173)
at org.testng.internal.MethodRunner.runInSequence(MethodRunner.java:46)
at org.testng.internal.TestInvoker$MethodInvocationAgent.invoke(TestInvoker.java:824)
at org.testng.internal.TestInvoker.invokeTestMethods(TestInvoker.java:146)
at org.testng.internal.TestMethodWorker.invokeTestMethods(TestMethodWorker.java:146)
at org.testng.internal.TestMethodWorker.run(TestMethodWorker.java:128)
at java.base/java.util.ArrayList.forEach(ArrayList.java:1511)
at org.testng.TestRunner.privateRun(TestRunner.java:794)
at org.testng.TestRunner.run(TestRunner.java:596)
at org.testng.SuiteRunner.runTest(SuiteRunner.java:377)
at org.testng.SuiteRunner.runSequentially(SuiteRunner.java:371)
at org.testng.SuiteRunner.privateRun(SuiteRunner.java:332)
at org.testng.SuiteRunner.run(SuiteRunner.java:276)
at org.testng.SuiteRunnerWorker.runSuite(SuiteRunnerWorker.java:53)
at org.testng.SuiteRunnerWorker.run(SuiteRunnerWorker.java:96)
at org.testng.TestNG.runSuitesSequentially(TestNG.java:1212)
at org.testng.TestNG.runSuitesLocally(TestNG.java:1134)
at org.testng.TestNG.runSuites(TestNG.java:1063)
at org.testng.TestNG.run(TestNG.java:1031)
at org.testng.remote.AbstractRemoteTestNG.run(AbstractRemoteTestNG.java:115)
at org.testng.remote.RemoteTestNG.initAndRun(RemoteTestNG.java:251)
at org.testng.remote.RemoteTestNG.main(RemoteTestNG.java:77)
]]>
    </error>
  </testcase> <!-- testCheckSpelling -->
  <system-out>
    <![CDATA[<br>Potential error: Zulra<br>Zulra<br>ID: MORFOLOGIK_RULE_EN_GB = Possible spelling mistake found.<br>Suggested correction(s): [Julia, Ultra, Tulsa, Aura, Zebra, Zelda, Zulu, Sutra, Zara, Hula, Supra, Sura, Ulna, EULA, Zulus, Bulla, Audra, Ulva, Culpa, Durra, Surra, Burra, Dulera, Eula, Jura, Mura, Rudra, Sudra, Sulla, ULFA, ULR, URA, Zalta, Zora, Zuza, Vulva, Júlia, Luleå, Quora, Yulia, Zumba]<br>]]>
  </system-out>
  <testcase classname="testMethods.test" name="testCheckSpelling" time="2.623"/>
  <system-out/>
  <testcase classname="testMethods.test" name="testCheckSpelling" time="1.696"/>
  <system-out/>
</testsuite> <!-- testMethods.test -->
