<?xml version="1.0" encoding="UTF-8"?>
<!-- Generated by org.testng.reporters.JUnitReportReporter -->
<testsuite hostname="DESKTOP-HCKLODP" failures="1" tests="4" name="SpellCheck.SpellCheckPages" time="37.138" errors="0" timestamp="2021-08-16T17:20:00 EDT" skipped="0">
  <testcase classname="SpellCheck.SpellCheckPages" name="spellCheck" time="8.218">
    <failure type="java.lang.AssertionError">
      <![CDATA[java.lang.AssertionError
at SpellCheck.SpellCheckPages.spellCheck(SpellCheckPages.java:114)
at java.base/jdk.internal.reflect.NativeMethodAccessorImpl.invoke0(Native Method)
at java.base/jdk.internal.reflect.NativeMethodAccessorImpl.invoke(NativeMethodAccessorImpl.java:78)
at java.base/jdk.internal.reflect.DelegatingMethodAccessorImpl.invoke(DelegatingMethodAccessorImpl.java:43)
at java.base/java.lang.reflect.Method.invoke(Method.java:567)
at org.testng.internal.MethodInvocationHelper.invokeMethod(MethodInvocationHelper.java:133)
at org.testng.internal.TestInvoker.invokeMethod(TestInvoker.java:598)
at org.testng.internal.TestInvoker.invokeTestMethod(TestInvoker.java:173)
at org.testng.internal.MethodRunner.runInSequence(MethodRunner.java:46)
at org.testng.internal.TestInvoker$MethodInvocationAgent.invoke(TestInvoker.java:824)
at org.testng.internal.TestInvoker.invokeTestMethods(TestInvoker.java:146)
at org.testng.internal.TestMethodWorker.invokeTestMethods(TestMethodWorker.java:146)
at org.testng.internal.TestMethodWorker.run(TestMethodWorker.java:128)
at java.base/java.util.ArrayList.forEach(ArrayList.java:1511)
at org.testng.TestRunner.privateRun(TestRunner.java:794)
at org.testng.TestRunner.run(TestRunner.java:596)
at org.testng.SuiteRunner.runTest(SuiteRunner.java:377)
at org.testng.SuiteRunner.runSequentially(SuiteRunner.java:371)
at org.testng.SuiteRunner.privateRun(SuiteRunner.java:332)
at org.testng.SuiteRunner.run(SuiteRunner.java:276)
at org.testng.SuiteRunnerWorker.runSuite(SuiteRunnerWorker.java:53)
at org.testng.SuiteRunnerWorker.run(SuiteRunnerWorker.java:96)
at org.testng.TestNG.runSuitesSequentially(TestNG.java:1212)
at org.testng.TestNG.runSuitesLocally(TestNG.java:1134)
at org.testng.TestNG.runSuites(TestNG.java:1063)
at org.testng.TestNG.run(TestNG.java:1031)
at org.testng.remote.AbstractRemoteTestNG.run(AbstractRemoteTestNG.java:115)
at org.testng.remote.RemoteTestNG.initAndRun(RemoteTestNG.java:251)
at org.testng.remote.RemoteTestNG.main(RemoteTestNG.java:77)
]]>
    </failure>
  </testcase> <!-- spellCheck -->
  <system-out>
    <![CDATA[<br>Potential error: cks<br>Ghouls are found just west of Canifis, north of the swamp and west of the fairy ring code cks. <br>ID: MORFOLOGIK_RULE_EN_GB = Possible spelling mistake found.<br>
<br>Potential error: southmost<br>If a player lures one of the two southmost ghouls to the south-west of the ghoul area, just to the left of the westmost plant, the player can run to the north side of the ghoul effectively trapping it in that corner. <br>ID: MORFOLOGIK_RULE_EN_GB = Possible spelling mistake found.<br>
<br>Potential error: westmost<br>If a player lures one of the two southmost ghouls to the south-west of the ghoul area, just to the left of the westmost plant, the player can run to the north side of the ghoul effectively trapping it in that corner. <br>ID: MORFOLOGIK_RULE_EN_GB = Possible spelling mistake found.<br>
<br>Potential error: Currently<br>Currently it is possible for a ghoul to randomly attack a player lower than level 85 combat, ignoring any current engagement that player may be in. <br>ID: SENT_START_CONJUNCTIVE_LINKING_ADVERB_COMMA = A comma may be missing after the conjunctive/linking adverb 'Currently'.<br>
<br>Potential error: safespotable<br>The ghouls to the west of Canifis are safespotable using the gravestones.
<br>ID: MORFOLOGIK_RULE_EN_GB = Possible spelling mistake found.<br>]]>
  </system-out>
  <testcase classname="SpellCheck.SpellCheckPages" name="spellCheck" time="6.678"/>
  <system-out/>
  <testcase classname="SpellCheck.SpellCheckPages" name="spellCheck" time="14.377"/>
  <system-out/>
  <testcase classname="SpellCheck.SpellCheckPages" name="spellCheck" time="7.865"/>
  <system-out/>
</testsuite> <!-- SpellCheck.SpellCheckPages -->
