<?xml version="1.0" encoding="UTF-8"?>
<!-- Generated by org.testng.reporters.JUnitReportReporter -->
<testsuite hostname="DESKTOP-HCKLODP" failures="0" tests="2" name="SpellCheck.SpellCheckPages" time="25.822" errors="1" timestamp="2021-08-20T12:35:50 EDT" skipped="0">
  <testcase classname="SpellCheck.SpellCheckPages" name="spellCheck" time="17.773">
    <error message="expected:&lt;0&gt; but was:&lt;4&gt;" type="junit.framework.AssertionFailedError">
      <![CDATA[junit.framework.AssertionFailedError: expected:<0> but was:<4>
at junit.framework.Assert.fail(Assert.java:47)
at junit.framework.Assert.failNotEquals(Assert.java:282)
at junit.framework.Assert.assertEquals(Assert.java:64)
at junit.framework.Assert.assertEquals(Assert.java:201)
at junit.framework.Assert.assertEquals(Assert.java:207)
at SpellCheck.SpellCheckPages.spellCheck(SpellCheckPages.java:112)
at java.base/jdk.internal.reflect.NativeMethodAccessorImpl.invoke0(Native Method)
at java.base/jdk.internal.reflect.NativeMethodAccessorImpl.invoke(NativeMethodAccessorImpl.java:78)
at java.base/jdk.internal.reflect.DelegatingMethodAccessorImpl.invoke(DelegatingMethodAccessorImpl.java:43)
at java.base/java.lang.reflect.Method.invoke(Method.java:567)
at org.testng.internal.MethodInvocationHelper.invokeMethod(MethodInvocationHelper.java:133)
at org.testng.internal.TestInvoker.invokeMethod(TestInvoker.java:598)
at org.testng.internal.TestInvoker.invokeTestMethod(TestInvoker.java:173)
at org.testng.internal.MethodRunner.runInSequence(MethodRunner.java:46)
at org.testng.internal.TestInvoker$MethodInvocationAgent.invoke(TestInvoker.java:824)
at org.testng.internal.TestInvoker.invokeTestMethods(TestInvoker.java:146)
at org.testng.internal.TestMethodWorker.invokeTestMethods(TestMethodWorker.java:146)
at org.testng.internal.TestMethodWorker.run(TestMethodWorker.java:128)
at java.base/java.util.ArrayList.forEach(ArrayList.java:1511)
at org.testng.TestRunner.privateRun(TestRunner.java:794)
at org.testng.TestRunner.run(TestRunner.java:596)
at org.testng.SuiteRunner.runTest(SuiteRunner.java:377)
at org.testng.SuiteRunner.runSequentially(SuiteRunner.java:371)
at org.testng.SuiteRunner.privateRun(SuiteRunner.java:332)
at org.testng.SuiteRunner.run(SuiteRunner.java:276)
at org.testng.SuiteRunnerWorker.runSuite(SuiteRunnerWorker.java:53)
at org.testng.SuiteRunnerWorker.run(SuiteRunnerWorker.java:96)
at org.testng.TestNG.runSuitesSequentially(TestNG.java:1212)
at org.testng.TestNG.runSuitesLocally(TestNG.java:1134)
at org.testng.TestNG.runSuites(TestNG.java:1063)
at org.testng.TestNG.run(TestNG.java:1031)
at org.testng.remote.AbstractRemoteTestNG.run(AbstractRemoteTestNG.java:115)
at org.testng.remote.RemoteTestNG.initAndRun(RemoteTestNG.java:251)
at org.testng.remote.RemoteTestNG.main(RemoteTestNG.java:77)
]]>
    </error>
  </testcase> <!-- spellCheck -->
  <system-out>
    <![CDATA[<br>Potential error: misclick<br>Above level 60 (20 levels above the course requirement) players receive only 20% of the regular rate of marks of grace.[1]
It is recommended to change your NPC 'Attack' option priority to "Hidden" to avoid a misclick, as Eduard tends to hang in the corner of the bank; with one's camera panned down, it is quite easy to click on him rather than the tree. <br>ID: MORFOLOGIK_RULE_EN_GB = Possible spelling mistake found.<br>
<br>Potential error: misclick<br>If you would like to keep your attack option priority the same, you can equip Wolfbane so that if you misclick, you are fine. <br>ID: MORFOLOGIK_RULE_EN_GB = Possible spelling mistake found.<br>
<br>Potential error: maneuvering<br>Additionally, due to the short distance between obstacles, it is possible to completely fill one's run energy while maneuvering the course.
<br>ID: MORFOLOGIK_RULE_EN_GB = Possible spelling mistake found.<br>
<br>Potential error: failable<br>There are 2 failable obstacles in this agility course. <br>ID: MORFOLOGIK_RULE_EN_GB = Possible spelling mistake found.<br>]]>
  </system-out>
  <testcase classname="SpellCheck.SpellCheckPages" name="spellCheck" time="8.049"/>
  <system-out/>
</testsuite> <!-- SpellCheck.SpellCheckPages -->
