<?xml version="1.0" encoding="UTF-8"?>
<!-- Generated by org.testng.reporters.JUnitReportReporter -->
<testsuite hostname="DESKTOP-HCKLODP" failures="0" tests="3" name="testMethods.test" time="0.020" errors="0" timestamp="2021-08-13T12:02:16 EDT" skipped="0">
  <testcase classname="testMethods.test" name="testGetSentence" time="0.016"/>
  <system-out/>
  <testcase classname="testMethods.test" name="testGetSentence" time="0.002"/>
  <system-out/>
  <testcase classname="testMethods.test" name="testGetSentence" time="0.002"/>
  <system-out/>
</testsuite> <!-- testMethods.test -->
