<?xml version="1.0" encoding="UTF-8"?>
<!-- Generated by org.testng.reporters.JUnitReportReporter -->
<testsuite hostname="DESKTOP-HCKLODP" failures="0" tests="2" name="SpellCheck.SpellCheckPages" time="29.083" errors="0" timestamp="2021-08-20T14:33:10 EDT" skipped="0">
  <testcase classname="SpellCheck.SpellCheckPages" name="spellCheck" time="14.454"/>
  <system-out/>
  <testcase classname="SpellCheck.SpellCheckPages" name="spellCheck" time="14.629"/>
  <system-out/>
</testsuite> <!-- SpellCheck.SpellCheckPages -->
