<?xml version="1.0" encoding="UTF-8"?>
<!-- Generated by org.testng.reporters.JUnitReportReporter -->
<testsuite hostname="DESKTOP-HCKLODP" failures="0" tests="1" name="SpellCheck.SpellCheckPages" time="22.557" errors="0" timestamp="2021-08-14T11:58:57 EDT" skipped="0">
  <testcase classname="SpellCheck.SpellCheckPages" name="spellCheck" time="22.557"/>
  <system-out/>
</testsuite> <!-- SpellCheck.SpellCheckPages -->
