<?xml version="1.0" encoding="UTF-8"?>
<!-- Generated by org.testng.reporters.JUnitReportReporter -->
<testsuite hostname="DESKTOP-HCKLODP" failures="0" tests="1" name="testMethods.test" time="45.580" errors="0" timestamp="2021-08-20T12:24:29 EDT" skipped="0">
  <testcase classname="testMethods.test" name="getTextFromPage" time="45.580"/>
  <system-out/>
</testsuite> <!-- testMethods.test -->
