<?xml version="1.0" encoding="UTF-8"?>
<!-- Generated by org.testng.reporters.JUnitReportReporter -->
<testsuite hostname="DESKTOP-HCKLODP" failures="0" tests="1" name="SpellCheck.SpellCheckPages" time="24.029" errors="0" timestamp="2021-08-13T16:29:25 EDT" skipped="0">
  <testcase classname="SpellCheck.SpellCheckPages" name="spellCheck" time="24.029"/>
  <system-out/>
</testsuite> <!-- SpellCheck.SpellCheckPages -->
